{
  "RSpec": {
    "coverage": {
      "/usr/local/src/Rails/app/channels/application_cable/channel.rb": [
        0,
        0,
        0,
        0
      ],
      "/usr/local/src/Rails/app/channels/application_cable/connection.rb": [
        0,
        0,
        0,
        0
      ],
      "/usr/local/src/Rails/app/controllers/application_controller.rb": [
        0,
        0
      ],
      "/usr/local/src/Rails/app/controllers/server_controller.rb": [
        0,
        null,
        0,
        0,
        0,
        null,
        0,
        null,
        0,
        null,
        0,
        0
      ],
      "/usr/local/src/Rails/app/controllers/token_controller.rb": [
        0,
        null,
        0,
        null,
        null,
        null,
        0,
        null,
        0,
        null,
        null,
        0,
        null,
        0,
        null,
        null,
        0,
        null,
        null,
        0,
        0,
        null,
        null,
        0,
        0,
        null,
        0,
        0,
        0,
        0,
        null,
        0,
        0,
        0,
        null,
        0,
        0,
        0,
        0,
        null,
        0
      ],
      "/usr/local/src/Rails/app/helpers/application_helper.rb": [
        0,
        0
      ],
      "/usr/local/src/Rails/app/helpers/server_helper.rb": [
        0,
        0
      ],
      "/usr/local/src/Rails/app/helpers/token_helper.rb": [
        0,
        0
      ],
      "/usr/local/src/Rails/app/jobs/application_job.rb": [
        0,
        null,
        null,
        null,
        null,
        null,
        0
      ],
      "/usr/local/src/Rails/app/mailers/application_mailer.rb": [
        0,
        0,
        0,
        0
      ],
      "/usr/local/src/Rails/app/models/application_record.rb": [
        0,
        0,
        0
      ],
      "/usr/local/src/Rails/app/models/token.rb": [
        0,
        0
      ]
    },
    "timestamp": 1616084806
  }
}
